<?xml version="1.0" encoding="UTF-8"?>
<coverage generated="1780918721">
  <project timestamp="1780918721" name="Clover Coverage">
    <package name="App\Exceptions\PersonalDriveExceptions">
      <file name="/home/aa/work/itstime/personaldrive/personaldrivefirst/app/Exceptions/PersonalDriveExceptions/FetchFileException.php">
        <class name="App\Exceptions\PersonalDriveExceptions\FetchFileException" namespace="App\Exceptions\PersonalDriveExceptions">
          <metrics complexity="4" methods="4" coveredmethods="4" conditionals="0" coveredconditionals="0" statements="4" coveredstatements="4" elements="8" coveredelements="8"/>
        </class>
        <line num="7" type="method" name="notFoundStream" visibility="public" complexity="1" crap="1" count="4"/>
        <line num="9" type="stmt" count="4"/>
        <line num="12" type="method" name="notFoundDownload" visibility="public" complexity="1" crap="1" count="1"/>
        <line num="14" type="stmt" count="1"/>
        <line num="17" type="method" name="couldNotZip" visibility="public" complexity="1" crap="1" count="1"/>
        <line num="19" type="stmt" count="1"/>
        <line num="22" type="method" name="notFoundThumb" visibility="public" complexity="1" crap="1" count="1"/>
        <line num="24" type="stmt" count="1"/>
        <metrics loc="27" ncloc="27" classes="1" methods="4" coveredmethods="4" conditionals="0" coveredconditionals="0" statements="4" coveredstatements="4" elements="8" coveredelements="8"/>
      </file>
      <file name="/home/aa/work/itstime/personaldrive/personaldrivefirst/app/Exceptions/PersonalDriveExceptions/FileMoveException.php">
        <class name="App\Exceptions\PersonalDriveExceptions\FileMoveException" namespace="App\Exceptions\PersonalDriveExceptions">
          <metrics complexity="4" methods="4" coveredmethods="3" conditionals="0" coveredconditionals="0" statements="4" coveredstatements="3" elements="8" coveredelements="6"/>
        </class>
        <line num="7" type="method" name="noValidFiles" visibility="public" complexity="1" crap="1" count="2"/>
        <line num="9" type="stmt" count="2"/>
        <line num="12" type="method" name="invalidDestinationPath" visibility="public" complexity="1" crap="1" count="1"/>
        <line num="14" type="stmt" count="1"/>
        <line num="17" type="method" name="couldNotMove" visibility="public" complexity="1" crap="2" count="0"/>
        <line num="19" type="stmt" count="0"/>
        <line num="21" type="method" name="directoryExists" visibility="public" complexity="1" crap="1" count="1"/>
        <line num="23" type="stmt" count="1"/>
        <metrics loc="26" ncloc="26" classes="1" methods="4" coveredmethods="3" conditionals="0" coveredconditionals="0" statements="4" coveredstatements="3" elements="8" coveredelements="6"/>
      </file>
      <file name="/home/aa/work/itstime/personaldrive/personaldrivefirst/app/Exceptions/PersonalDriveExceptions/FileRenameException.php">
        <class name="App\Exceptions\PersonalDriveExceptions\FileRenameException" namespace="App\Exceptions\PersonalDriveExceptions">
          <metrics complexity="2" methods="2" coveredmethods="2" conditionals="0" coveredconditionals="0" statements="2" coveredstatements="2" elements="4" coveredelements="4"/>
        </class>
        <line num="7" type="method" name="couldNotRename" visibility="public" complexity="1" crap="1" count="3"/>
        <line num="9" type="stmt" count="3"/>
        <line num="12" type="method" name="couldNotUpdateIndex" visibility="public" complexity="1" crap="1" count="2"/>
        <line num="14" type="stmt" count="2"/>
        <metrics loc="17" ncloc="17" classes="1" methods="2" coveredmethods="2" conditionals="0" coveredconditionals="0" statements="2" coveredstatements="2" elements="4" coveredelements="4"/>
      </file>
      <file name="/home/aa/work/itstime/personaldrive/personaldrivefirst/app/Exceptions/PersonalDriveExceptions/ImageRelatedException.php">
        <class name="App\Exceptions\PersonalDriveExceptions\ImageRelatedException" namespace="App\Exceptions\PersonalDriveExceptions">
          <metrics complexity="1" methods="1" coveredmethods="1" conditionals="0" coveredconditionals="0" statements="1" coveredstatements="1" elements="2" coveredelements="2"/>
        </class>
        <line num="7" type="method" name="invalidImageDriver" visibility="public" complexity="1" crap="1" count="1"/>
        <line num="9" type="stmt" count="1"/>
        <metrics loc="12" ncloc="12" classes="1" methods="1" coveredmethods="1" conditionals="0" coveredconditionals="0" statements="1" coveredstatements="1" elements="2" coveredelements="2"/>
      </file>
      <file name="/home/aa/work/itstime/personaldrive/personaldrivefirst/app/Exceptions/PersonalDriveExceptions/PersonalDriveException.php">
        <class name="App\Exceptions\PersonalDriveExceptions\PersonalDriveException" namespace="App\Exceptions\PersonalDriveExceptions">
          <metrics complexity="0" methods="0" coveredmethods="0" conditionals="0" coveredconditionals="0" statements="0" coveredstatements="0" elements="0" coveredelements="0"/>
        </class>
        <metrics loc="10" ncloc="10" classes="0" methods="0" coveredmethods="0" conditionals="0" coveredconditionals="0" statements="0" coveredstatements="0" elements="0" coveredelements="0"/>
      </file>
      <file name="/home/aa/work/itstime/personaldrive/personaldrivefirst/app/Exceptions/PersonalDriveExceptions/ShareFileException.php">
        <class name="App\Exceptions\PersonalDriveExceptions\ShareFileException" namespace="App\Exceptions\PersonalDriveExceptions">
          <metrics complexity="2" methods="2" coveredmethods="2" conditionals="0" coveredconditionals="0" statements="2" coveredstatements="2" elements="4" coveredelements="4"/>
        </class>
        <line num="7" type="method" name="couldNotShare" visibility="public" complexity="1" crap="1" count="2"/>
        <line num="9" type="stmt" count="2"/>
        <line num="12" type="method" name="shareWrongPassword" visibility="public" complexity="1" crap="1" count="3"/>
        <line num="14" type="stmt" count="3"/>
        <metrics loc="17" ncloc="17" classes="1" methods="2" coveredmethods="2" conditionals="0" coveredconditionals="0" statements="2" coveredstatements="2" elements="4" coveredelements="4"/>
      </file>
      <file name="/home/aa/work/itstime/personaldrive/personaldrivefirst/app/Exceptions/PersonalDriveExceptions/ThrottleException.php">
        <class name="App\Exceptions\PersonalDriveExceptions\ThrottleException" namespace="App\Exceptions\PersonalDriveExceptions">
          <metrics complexity="1" methods="1" coveredmethods="1" conditionals="0" coveredconditionals="0" statements="1" coveredstatements="1" elements="2" coveredelements="2"/>
        </class>
        <line num="7" type="method" name="tooMany" visibility="public" complexity="1" crap="1" count="2"/>
        <line num="9" type="stmt" count="2"/>
        <metrics loc="12" ncloc="12" classes="1" methods="1" coveredmethods="1" conditionals="0" coveredconditionals="0" statements="1" coveredstatements="1" elements="2" coveredelements="2"/>
      </file>
      <file name="/home/aa/work/itstime/personaldrive/personaldrivefirst/app/Exceptions/PersonalDriveExceptions/ThumbnailException.php">
        <class name="App\Exceptions\PersonalDriveExceptions\ThumbnailException" namespace="App\Exceptions\PersonalDriveExceptions">
          <metrics complexity="1" methods="1" coveredmethods="1" conditionals="0" coveredconditionals="0" statements="1" coveredstatements="1" elements="2" coveredelements="2"/>
        </class>
        <line num="7" type="method" name="noFfmpeg" visibility="public" complexity="1" crap="1" count="1"/>
        <line num="9" type="stmt" count="1"/>
        <metrics loc="12" ncloc="12" classes="1" methods="1" coveredmethods="1" conditionals="0" coveredconditionals="0" statements="1" coveredstatements="1" elements="2" coveredelements="2"/>
      </file>
      <file name="/home/aa/work/itstime/personaldrive/personaldrivefirst/app/Exceptions/PersonalDriveExceptions/TwoFactorException.php">
        <class name="App\Exceptions\PersonalDriveExceptions\TwoFactorException" namespace="App\Exceptions\PersonalDriveExceptions">
          <metrics complexity="1" methods="1" coveredmethods="1" conditionals="0" coveredconditionals="0" statements="1" coveredstatements="1" elements="2" coveredelements="2"/>
        </class>
        <line num="7" type="method" name="couldNotValidate" visibility="public" complexity="1" crap="1" count="6"/>
        <line num="9" type="stmt" count="6"/>
        <metrics loc="13" ncloc="13" classes="1" methods="1" coveredmethods="1" conditionals="0" coveredconditionals="0" statements="1" coveredstatements="1" elements="2" coveredelements="2"/>
      </file>
      <file name="/home/aa/work/itstime/personaldrive/personaldrivefirst/app/Exceptions/PersonalDriveExceptions/UploadFileException.php">
        <class name="App\Exceptions\PersonalDriveExceptions\UploadFileException" namespace="App\Exceptions\PersonalDriveExceptions">
          <metrics complexity="4" methods="4" coveredmethods="4" conditionals="0" coveredconditionals="0" statements="4" coveredstatements="4" elements="8" coveredelements="8"/>
        </class>
        <line num="7" type="method" name="outOfMemory" visibility="public" complexity="1" crap="1" count="1"/>
        <line num="9" type="stmt" count="1"/>
        <line num="12" type="method" name="noNewDir" visibility="public" complexity="1" crap="1" count="4"/>
        <line num="14" type="stmt" count="4"/>
        <line num="17" type="method" name="invalidPath" visibility="public" complexity="1" crap="1" count="1"/>
        <line num="19" type="stmt" count="1"/>
        <line num="22" type="method" name="fileExists" visibility="public" complexity="1" crap="1" count="2"/>
        <line num="24" type="stmt" count="2"/>
        <metrics loc="27" ncloc="27" classes="1" methods="4" coveredmethods="4" conditionals="0" coveredconditionals="0" statements="4" coveredstatements="4" elements="8" coveredelements="8"/>
      </file>
    </package>
    <package name="App\Helpers">
      <file name="/home/aa/work/itstime/personaldrive/personaldrivefirst/app/Helpers/FileSizeFormatter.php">
        <class name="App\Helpers\FileSizeFormatter" namespace="App\Helpers">
          <metrics complexity="5" methods="1" coveredmethods="1" conditionals="0" coveredconditionals="0" statements="8" coveredstatements="8" elements="9" coveredelements="9"/>
        </class>
        <line num="7" type="method" name="format" visibility="public" complexity="5" crap="5" count="14"/>
        <line num="9" type="stmt" count="14"/>
        <line num="10" type="stmt" count="6"/>
        <line num="12" type="stmt" count="10"/>
        <line num="13" type="stmt" count="2"/>
        <line num="16" type="stmt" count="8"/>
        <line num="17" type="stmt" count="8"/>
        <line num="18" type="stmt" count="8"/>
        <line num="21" type="stmt" count="8"/>
        <metrics loc="24" ncloc="24" classes="1" methods="1" coveredmethods="1" conditionals="0" coveredconditionals="0" statements="8" coveredstatements="8" elements="9" coveredelements="9"/>
      </file>
      <file name="/home/aa/work/itstime/personaldrive/personaldrivefirst/app/Helpers/ResponseHelper.php">
        <class name="App\Helpers\ResponseHelper" namespace="App\Helpers">
          <metrics complexity="1" methods="1" coveredmethods="1" conditionals="0" coveredconditionals="0" statements="6" coveredstatements="6" elements="7" coveredelements="7"/>
        </class>
        <line num="9" type="method" name="json" visibility="public" complexity="1" crap="1" count="15"/>
        <line num="11" type="stmt" count="15"/>
        <line num="12" type="stmt" count="15"/>
        <line num="13" type="stmt" count="15"/>
        <line num="14" type="stmt" count="15"/>
        <line num="15" type="stmt" count="15"/>
        <line num="16" type="stmt" count="15"/>
        <metrics loc="19" ncloc="19" classes="1" methods="1" coveredmethods="1" conditionals="0" coveredconditionals="0" statements="6" coveredstatements="6" elements="7" coveredelements="7"/>
      </file>
    </package>
    <package name="App\Http\Controllers\AdminControllers">
      <file name="/home/aa/work/itstime/personaldrive/personaldrivefirst/app/Http/Controllers/AdminControllers/AdminConfigController.php">
        <class name="App\Http\Controllers\AdminControllers\AdminConfigController" namespace="App\Http\Controllers\AdminControllers">
          <metrics complexity="12" methods="6" coveredmethods="5" conditionals="0" coveredconditionals="0" statements="53" coveredstatements="52" elements="59" coveredelements="57"/>
        </class>
        <line num="30" type="method" name="__construct" visibility="public" complexity="1" crap="1" count="84"/>
        <line num="35" type="stmt" count="84"/>
        <line num="36" type="stmt" count="84"/>
        <line num="37" type="stmt" count="84"/>
        <line num="40" type="method" name="index" visibility="public" complexity="1" crap="1" count="84"/>
        <line num="42" type="stmt" count="84"/>
        <line num="43" type="stmt" count="84"/>
        <line num="44" type="stmt" count="84"/>
        <line num="45" type="stmt" count="84"/>
        <line num="47" type="stmt" count="84"/>
        <line num="48" type="stmt" count="84"/>
        <line num="49" type="stmt" count="84"/>
        <line num="50" type="stmt" count="84"/>
        <line num="51" type="stmt" count="84"/>
        <line num="52" type="stmt" count="84"/>
        <line num="53" type="stmt" count="84"/>
        <line num="54" type="stmt" count="84"/>
        <line num="55" type="stmt" count="84"/>
        <line num="56" type="stmt" count="84"/>
        <line num="57" type="stmt" count="84"/>
        <line num="58" type="stmt" count="84"/>
        <line num="61" type="method" name="update" visibility="public" complexity="2" crap="2" count="83"/>
        <line num="63" type="stmt" count="83"/>
        <line num="64" type="stmt" count="83"/>
        <line num="65" type="stmt" count="83"/>
        <line num="66" type="stmt" count="83"/>
        <line num="67" type="stmt" count="83"/>
        <line num="68" type="stmt" count="83"/>
        <line num="69" type="stmt" count="82"/>
        <line num="70" type="stmt" count="82"/>
        <line num="71" type="stmt" count="82"/>
        <line num="74" type="stmt" count="4"/>
        <line num="76" type="method" name="twoFactorGetQr" visibility="public" complexity="2" crap="2" count="2"/>
        <line num="78" type="stmt" count="2"/>
        <line num="79" type="stmt" count="1"/>
        <line num="81" type="stmt" count="2"/>
        <line num="82" type="stmt" count="2"/>
        <line num="84" type="stmt" count="2"/>
        <line num="85" type="stmt" count="2"/>
        <line num="88" type="method" name="twoFactorCodeEnable" visibility="public" complexity="3" crap="3" count="2"/>
        <line num="90" type="stmt" count="2"/>
        <line num="91" type="stmt" count="1"/>
        <line num="93" type="stmt" count="2"/>
        <line num="94" type="stmt" count="2"/>
        <line num="95" type="stmt" count="2"/>
        <line num="96" type="stmt" count="2"/>
        <line num="97" type="stmt" count="1"/>
        <line num="98" type="stmt" count="1"/>
        <line num="100" type="stmt" count="1"/>
        <line num="102" type="method" name="twoFactorCodeDisable" visibility="public" complexity="3" crap="3.01" count="1"/>
        <line num="104" type="stmt" count="1"/>
        <line num="105" type="stmt" count="0"/>
        <line num="107" type="stmt" count="1"/>
        <line num="108" type="stmt" count="1"/>
        <line num="109" type="stmt" count="1"/>
        <line num="110" type="stmt" count="1"/>
        <line num="111" type="stmt" count="1"/>
        <line num="112" type="stmt" count="1"/>
        <line num="114" type="stmt" count="1"/>
        <metrics loc="117" ncloc="117" classes="1" methods="6" coveredmethods="5" conditionals="0" coveredconditionals="0" statements="53" coveredstatements="52" elements="59" coveredelements="57"/>
      </file>
      <file name="/home/aa/work/itstime/personaldrive/personaldrivefirst/app/Http/Controllers/AdminControllers/SetupController.php">
        <class name="App\Http\Controllers\AdminControllers\SetupController" namespace="App\Http\Controllers\AdminControllers">
          <metrics complexity="3" methods="2" coveredmethods="1" conditionals="0" coveredconditionals="0" statements="18" coveredstatements="15" elements="20" coveredelements="16"/>
        </class>
        <line num="17" type="method" name="show" visibility="public" complexity="1" crap="1" count="5"/>
        <line num="19" type="stmt" count="5"/>
        <line num="22" type="method" name="update" visibility="public" complexity="2" crap="2.02" count="85"/>
        <line num="24" type="stmt" count="85"/>
        <line num="26" type="stmt" count="84"/>
        <line num="27" type="stmt" count="84"/>
        <line num="28" type="stmt" count="84"/>
        <line num="29" type="stmt" count="84"/>
        <line num="30" type="stmt" count="84"/>
        <line num="31" type="stmt" count="84"/>
        <line num="32" type="stmt" count="84"/>
        <line num="33" type="stmt" count="84"/>
        <line num="34" type="stmt" count="84"/>
        <line num="35" type="stmt" count="84"/>
        <line num="36" type="stmt" count="0"/>
        <line num="37" type="stmt" count="0"/>
        <line num="38" type="stmt" count="0"/>
        <line num="40" type="stmt" count="84"/>
        <line num="41" type="stmt" count="84"/>
        <line num="42" type="stmt" count="84"/>
        <metrics loc="45" ncloc="45" classes="1" methods="2" coveredmethods="1" conditionals="0" coveredconditionals="0" statements="18" coveredstatements="15" elements="20" coveredelements="16"/>
      </file>
    </package>
    <package name="App\Http\Controllers\AuthControllers">
      <file name="/home/aa/work/itstime/personaldrive/personaldrivefirst/app/Http/Controllers/AuthControllers/AuthenticatedSessionController.php">
        <class name="App\Http\Controllers\AuthControllers\AuthenticatedSessionController" namespace="App\Http\Controllers\AuthControllers">
          <metrics complexity="5" methods="3" coveredmethods="2" conditionals="0" coveredconditionals="0" statements="15" coveredstatements="14" elements="18" coveredelements="16"/>
        </class>
        <line num="19" type="method" name="create" visibility="public" complexity="1" crap="1" count="1"/>
        <line num="21" type="stmt" count="1"/>
        <line num="27" type="method" name="store" visibility="public" complexity="3" crap="3.01" count="3"/>
        <line num="29" type="stmt" count="3"/>
        <line num="30" type="stmt" count="2"/>
        <line num="32" type="stmt" count="2"/>
        <line num="33" type="stmt" count="0"/>
        <line num="35" type="stmt" count="2"/>
        <line num="36" type="stmt" count="1"/>
        <line num="37" type="stmt" count="1"/>
        <line num="38" type="stmt" count="1"/>
        <line num="41" type="stmt" count="2"/>
        <line num="43" type="stmt" count="2"/>
        <line num="49" type="method" name="destroy" visibility="public" complexity="1" crap="1" count="12"/>
        <line num="51" type="stmt" count="12"/>
        <line num="53" type="stmt" count="12"/>
        <line num="55" type="stmt" count="12"/>
        <line num="57" type="stmt" count="12"/>
        <metrics loc="60" ncloc="51" classes="1" methods="3" coveredmethods="2" conditionals="0" coveredconditionals="0" statements="15" coveredstatements="14" elements="18" coveredelements="16"/>
      </file>
      <file name="/home/aa/work/itstime/personaldrive/personaldrivefirst/app/Http/Controllers/AuthControllers/TwoFactorController.php">
        <class name="App\Http\Controllers\AuthControllers\TwoFactorController" namespace="App\Http\Controllers\AuthControllers">
          <metrics complexity="4" methods="3" coveredmethods="3" conditionals="0" coveredconditionals="0" statements="13" coveredstatements="13" elements="16" coveredelements="16"/>
        </class>
        <line num="25" type="method" name="__construct" visibility="public" complexity="1" crap="1" count="6"/>
        <line num="28" type="stmt" count="6"/>
        <line num="30" type="method" name="index" visibility="public" complexity="1" crap="1" count="4"/>
        <line num="32" type="stmt" count="4"/>
        <line num="35" type="method" name="store" visibility="public" complexity="2" crap="2" count="2"/>
        <line num="37" type="stmt" count="2"/>
        <line num="38" type="stmt" count="2"/>
        <line num="40" type="stmt" count="2"/>
        <line num="41" type="stmt" count="2"/>
        <line num="42" type="stmt" count="2"/>
        <line num="44" type="stmt" count="1"/>
        <line num="45" type="stmt" count="1"/>
        <line num="46" type="stmt" count="1"/>
        <line num="47" type="stmt" count="1"/>
        <line num="48" type="stmt" count="1"/>
        <line num="51" type="stmt" count="1"/>
        <metrics loc="54" ncloc="54" classes="1" methods="3" coveredmethods="3" conditionals="0" coveredconditionals="0" statements="13" coveredstatements="13" elements="16" coveredelements="16"/>
      </file>
    </package>
    <package name="App\Http\Controllers">
      <file name="/home/aa/work/itstime/personaldrive/personaldrivefirst/app/Http/Controllers/Controller.php">
        <class name="App\Http\Controllers\Controller" namespace="App\Http\Controllers">
          <metrics complexity="0" methods="0" coveredmethods="0" conditionals="0" coveredconditionals="0" statements="0" coveredstatements="0" elements="0" coveredelements="0"/>
        </class>
        <metrics loc="9" ncloc="8" classes="0" methods="0" coveredmethods="0" conditionals="0" coveredconditionals="0" statements="0" coveredstatements="0" elements="0" coveredelements="0"/>
      </file>
    </package>
    <package name="App\Http\Controllers\DriveControllers">
      <file name="/home/aa/work/itstime/personaldrive/personaldrivefirst/app/Http/Controllers/DriveControllers/DownloadController.php">
        <class name="App\Http\Controllers\DriveControllers\DownloadController" namespace="App\Http\Controllers\DriveControllers">
          <metrics complexity="8" methods="3" coveredmethods="2" conditionals="0" coveredconditionals="0" statements="19" coveredstatements="16" elements="22" coveredelements="18"/>
        </class>
        <line num="26" type="method" name="__construct" visibility="public" complexity="1" crap="1" count="5"/>
        <line num="30" type="stmt" count="5"/>
        <line num="31" type="stmt" count="5"/>
        <line num="34" type="method" name="index" visibility="public" complexity="4" crap="4" count="5"/>
        <line num="36" type="stmt" count="5"/>
        <line num="37" type="stmt" count="5"/>
        <line num="38" type="stmt" count="5"/>
        <line num="39" type="stmt" count="1"/>
        <line num="41" type="stmt" count="4"/>
        <line num="42" type="stmt" count="1"/>
        <line num="44" type="stmt" count="3"/>
        <line num="47" type="method" name="downloadValidFiles" visibility="public" complexity="3" crap="3.24" count="3"/>
        <line num="50" type="stmt" count="3"/>
        <line num="51" type="stmt" count="3"/>
        <line num="52" type="stmt" count="0"/>
        <line num="54" type="stmt" count="3"/>
        <line num="55" type="stmt" count="3"/>
        <line num="56" type="stmt" count="3"/>
        <line num="57" type="stmt" count="3"/>
        <line num="58" type="stmt" count="3"/>
        <line num="59" type="stmt" count="0"/>
        <line num="60" type="stmt" count="0"/>
        <metrics loc="64" ncloc="64" classes="1" methods="3" coveredmethods="2" conditionals="0" coveredconditionals="0" statements="19" coveredstatements="16" elements="22" coveredelements="18"/>
      </file>
      <file name="/home/aa/work/itstime/personaldrive/personaldrivefirst/app/Http/Controllers/DriveControllers/FileDeleteController.php">
        <class name="App\Http\Controllers\DriveControllers\FileDeleteController" namespace="App\Http\Controllers\DriveControllers">
          <metrics complexity="5" methods="2" coveredmethods="1" conditionals="0" coveredconditionals="0" statements="13" coveredstatements="12" elements="15" coveredelements="13"/>
        </class>
        <line num="23" type="method" name="__construct" visibility="public" complexity="1" crap="1" count="3"/>
        <line num="28" type="stmt" count="3"/>
        <line num="29" type="stmt" count="3"/>
        <line num="30" type="stmt" count="3"/>
        <line num="33" type="method" name="deleteFiles" visibility="public" complexity="4" crap="4.02" count="3"/>
        <line num="35" type="stmt" count="3"/>
        <line num="36" type="stmt" count="3"/>
        <line num="37" type="stmt" count="3"/>
        <line num="38" type="stmt" count="3"/>
        <line num="39" type="stmt" count="1"/>
        <line num="42" type="stmt" count="2"/>
        <line num="45" type="stmt" count="2"/>
        <line num="47" type="stmt" count="2"/>
        <line num="48" type="stmt" count="0"/>
        <line num="51" type="stmt" count="2"/>
        <metrics loc="54" ncloc="53" classes="1" methods="2" coveredmethods="1" conditionals="0" coveredconditionals="0" statements="13" coveredstatements="12" elements="15" coveredelements="13"/>
      </file>
      <file name="/home/aa/work/itstime/personaldrive/personaldrivefirst/app/Http/Controllers/DriveControllers/FileFetchController.php">
        <class name="App\Http\Controllers\DriveControllers\FileFetchController" namespace="App\Http\Controllers\DriveControllers">
          <metrics complexity="12" methods="5" coveredmethods="3" conditionals="0" coveredconditionals="0" statements="33" coveredstatements="31" elements="38" coveredelements="34"/>
        </class>
        <line num="26" type="method" name="__construct" visibility="public" complexity="1" crap="1" count="7"/>
        <line num="31" type="stmt" count="7"/>
        <line num="32" type="stmt" count="7"/>
        <line num="33" type="stmt" count="7"/>
        <line num="39" type="method" name="index" visibility="public" complexity="4" crap="4.00" count="4"/>
        <line num="41" type="stmt" count="4"/>
        <line num="43" type="stmt" count="4"/>
        <line num="44" type="stmt" count="1"/>
        <line num="46" type="stmt" count="3"/>
        <line num="47" type="stmt" count="2"/>
        <line num="48" type="stmt" count="2"/>
        <line num="49" type="stmt" count="2"/>
        <line num="50" type="stmt" count="2"/>
        <line num="51" type="stmt" count="2"/>
        <line num="52" type="stmt" count="2"/>
        <line num="53" type="stmt" count="2"/>
        <line num="54" type="stmt" count="2"/>
        <line num="55" type="stmt" count="2"/>
        <line num="56" type="stmt" count="2"/>
        <line num="57" type="stmt" count="2"/>
        <line num="58" type="stmt" count="2"/>
        <line num="59" type="stmt" count="2"/>
        <line num="61" type="stmt" count="0"/>
        <line num="68" type="method" name="handleHashRequest" visibility="private" complexity="3" crap="3" count="6"/>
        <line num="70" type="stmt" count="6"/>
        <line num="72" type="stmt" count="6"/>
        <line num="73" type="stmt" count="6"/>
        <line num="74" type="stmt" count="2"/>
        <line num="77" type="stmt" count="4"/>
        <line num="83" type="method" name="getThumb" visibility="public" complexity="3" crap="3" count="3"/>
        <line num="85" type="stmt" count="3"/>
        <line num="86" type="stmt" count="2"/>
        <line num="87" type="stmt" count="1"/>
        <line num="89" type="stmt" count="1"/>
        <line num="90" type="stmt" count="1"/>
        <line num="91" type="stmt" count="1"/>
        <line num="95" type="method" name="streamFile" visibility="public" complexity="1" crap="2" count="0"/>
        <line num="97" type="stmt" count="0"/>
        <metrics loc="100" ncloc="91" classes="1" methods="5" coveredmethods="3" conditionals="0" coveredconditionals="0" statements="33" coveredstatements="31" elements="38" coveredelements="34"/>
      </file>
      <file name="/home/aa/work/itstime/personaldrive/personaldrivefirst/app/Http/Controllers/DriveControllers/FileManagerController.php">
        <class name="App\Http\Controllers\DriveControllers\FileManagerController" namespace="App\Http\Controllers\DriveControllers">
          <metrics complexity="2" methods="1" coveredmethods="1" conditionals="0" coveredconditionals="0" statements="10" coveredstatements="10" elements="11" coveredelements="11"/>
        </class>
        <line num="13" type="method" name="index" visibility="public" complexity="2" crap="2" count="8"/>
        <line num="15" type="stmt" count="8"/>
        <line num="17" type="stmt" count="8"/>
        <line num="19" type="stmt" count="8"/>
        <line num="20" type="stmt" count="8"/>
        <line num="21" type="stmt" count="8"/>
        <line num="22" type="stmt" count="8"/>
        <line num="23" type="stmt" count="8"/>
        <line num="24" type="stmt" count="8"/>
        <line num="25" type="stmt" count="8"/>
        <line num="26" type="stmt" count="8"/>
        <metrics loc="29" ncloc="29" classes="1" methods="1" coveredmethods="1" conditionals="0" coveredconditionals="0" statements="10" coveredstatements="10" elements="11" coveredelements="11"/>
      </file>
      <file name="/home/aa/work/itstime/personaldrive/personaldrivefirst/app/Http/Controllers/DriveControllers/FileMoveController.php">
        <class name="App\Http\Controllers\DriveControllers\FileMoveController" namespace="App\Http\Controllers\DriveControllers">
          <metrics complexity="3" methods="2" coveredmethods="2" conditionals="0" coveredconditionals="0" statements="5" coveredstatements="5" elements="7" coveredelements="7"/>
        </class>
        <line num="18" type="method" name="__construct" visibility="public" complexity="1" crap="1" count="5"/>
        <line num="20" type="stmt" count="5"/>
        <line num="23" type="method" name="update" visibility="public" complexity="2" crap="2" count="5"/>
        <line num="25" type="stmt" count="5"/>
        <line num="26" type="stmt" count="5"/>
        <line num="27" type="stmt" count="5"/>
        <line num="29" type="stmt" count="3"/>
        <metrics loc="32" ncloc="32" classes="1" methods="2" coveredmethods="2" conditionals="0" coveredconditionals="0" statements="5" coveredstatements="5" elements="7" coveredelements="7"/>
      </file>
      <file name="/home/aa/work/itstime/personaldrive/personaldrivefirst/app/Http/Controllers/DriveControllers/FileRenameController.php">
        <class name="App\Http\Controllers\DriveControllers\FileRenameController" namespace="App\Http\Controllers\DriveControllers">
          <metrics complexity="4" methods="2" coveredmethods="2" conditionals="0" coveredconditionals="0" statements="8" coveredstatements="8" elements="10" coveredelements="10"/>
        </class>
        <line num="18" type="method" name="__construct" visibility="public" complexity="1" crap="1" count="5"/>
        <line num="21" type="stmt" count="5"/>
        <line num="24" type="method" name="index" visibility="public" complexity="3" crap="3" count="5"/>
        <line num="26" type="stmt" count="5"/>
        <line num="27" type="stmt" count="5"/>
        <line num="29" type="stmt" count="5"/>
        <line num="30" type="stmt" count="5"/>
        <line num="31" type="stmt" count="1"/>
        <line num="33" type="stmt" count="4"/>
        <line num="36" type="stmt" count="3"/>
        <metrics loc="39" ncloc="39" classes="1" methods="2" coveredmethods="2" conditionals="0" coveredconditionals="0" statements="8" coveredstatements="8" elements="10" coveredelements="10"/>
      </file>
      <file name="/home/aa/work/itstime/personaldrive/personaldrivefirst/app/Http/Controllers/DriveControllers/FileSaveController.php">
        <class name="App\Http\Controllers\DriveControllers\FileSaveController" namespace="App\Http\Controllers\DriveControllers">
          <metrics complexity="7" methods="2" coveredmethods="1" conditionals="0" coveredconditionals="0" statements="19" coveredstatements="16" elements="21" coveredelements="17"/>
        </class>
        <line num="24" type="method" name="__construct" visibility="public" complexity="1" crap="1" count="9"/>
        <line num="29" type="stmt" count="9"/>
        <line num="30" type="stmt" count="9"/>
        <line num="31" type="stmt" count="9"/>
        <line num="34" type="method" name="update" visibility="public" complexity="6" crap="6.24" count="9"/>
        <line num="36" type="stmt" count="9"/>
        <line num="37" type="stmt" count="9"/>
        <line num="38" type="stmt" count="9"/>
        <line num="39" type="stmt" count="9"/>
        <line num="40" type="stmt" count="1"/>
        <line num="42" type="stmt" count="8"/>
        <line num="43" type="stmt" count="1"/>
        <line num="46" type="stmt" count="7"/>
        <line num="47" type="stmt" count="7"/>
        <line num="48" type="stmt" count="0"/>
        <line num="51" type="stmt" count="7"/>
        <line num="52" type="stmt" count="7"/>
        <line num="53" type="stmt" count="7"/>
        <line num="55" type="stmt" count="7"/>
        <line num="56" type="stmt" count="0"/>
        <line num="57" type="stmt" count="0"/>
        <metrics loc="61" ncloc="61" classes="1" methods="2" coveredmethods="1" conditionals="0" coveredconditionals="0" statements="19" coveredstatements="16" elements="21" coveredelements="17"/>
      </file>
      <file name="/home/aa/work/itstime/personaldrive/personaldrivefirst/app/Http/Controllers/DriveControllers/ReSyncController.php">
        <class name="App\Http\Controllers\DriveControllers\ReSyncController" namespace="App\Http\Controllers\DriveControllers">
          <metrics complexity="3" methods="2" coveredmethods="2" conditionals="0" coveredconditionals="0" statements="7" coveredstatements="7" elements="9" coveredelements="9"/>
        </class>
        <line num="18" type="method" name="__construct" visibility="public" complexity="1" crap="1" count="3"/>
        <line num="21" type="stmt" count="3"/>
        <line num="24" type="method" name="index" visibility="public" complexity="2" crap="2" count="3"/>
        <line num="26" type="stmt" count="3"/>
        <line num="27" type="stmt" count="3"/>
        <line num="28" type="stmt" count="3"/>
        <line num="29" type="stmt" count="3"/>
        <line num="30" type="stmt" count="2"/>
        <line num="33" type="stmt" count="1"/>
        <metrics loc="36" ncloc="36" classes="1" methods="2" coveredmethods="2" conditionals="0" coveredconditionals="0" statements="7" coveredstatements="7" elements="9" coveredelements="9"/>
      </file>
      <file name="/home/aa/work/itstime/personaldrive/personaldrivefirst/app/Http/Controllers/DriveControllers/SearchFilesController.php">
        <class name="App\Http\Controllers\DriveControllers\SearchFilesController" namespace="App\Http\Controllers\DriveControllers">
          <metrics complexity="1" methods="1" coveredmethods="1" conditionals="0" coveredconditionals="0" statements="9" coveredstatements="9" elements="10" coveredelements="10"/>
        </class>
        <line num="13" type="method" name="index" visibility="public" complexity="1" crap="1" count="4"/>
        <line num="15" type="stmt" count="4"/>
        <line num="17" type="stmt" count="4"/>
        <line num="19" type="stmt" count="4"/>
        <line num="20" type="stmt" count="4"/>
        <line num="21" type="stmt" count="4"/>
        <line num="22" type="stmt" count="4"/>
        <line num="23" type="stmt" count="4"/>
        <line num="24" type="stmt" count="4"/>
        <line num="25" type="stmt" count="4"/>
        <metrics loc="28" ncloc="28" classes="1" methods="1" coveredmethods="1" conditionals="0" coveredconditionals="0" statements="9" coveredstatements="9" elements="10" coveredelements="10"/>
      </file>
      <file name="/home/aa/work/itstime/personaldrive/personaldrivefirst/app/Http/Controllers/DriveControllers/ThumbnailController.php">
        <class name="App\Http\Controllers\DriveControllers\ThumbnailController" namespace="App\Http\Controllers\DriveControllers">
          <metrics complexity="3" methods="2" coveredmethods="2" conditionals="0" coveredconditionals="0" statements="9" coveredstatements="9" elements="11" coveredelements="11"/>
        </class>
        <line num="18" type="method" name="__construct" visibility="public" complexity="1" crap="1" count="2"/>
        <line num="20" type="stmt" count="2"/>
        <line num="23" type="method" name="update" visibility="public" complexity="2" crap="2" count="2"/>
        <line num="25" type="stmt" count="2"/>
        <line num="26" type="stmt" count="2"/>
        <line num="27" type="stmt" count="2"/>
        <line num="28" type="stmt" count="2"/>
        <line num="29" type="stmt" count="2"/>
        <line num="30" type="stmt" count="2"/>
        <line num="31" type="stmt" count="1"/>
        <line num="33" type="stmt" count="2"/>
        <metrics loc="36" ncloc="36" classes="1" methods="2" coveredmethods="2" conditionals="0" coveredconditionals="0" statements="9" coveredstatements="9" elements="11" coveredelements="11"/>
      </file>
      <file name="/home/aa/work/itstime/personaldrive/personaldrivefirst/app/Http/Controllers/DriveControllers/UploadController.php">
        <class name="App\Http\Controllers\DriveControllers\UploadController" namespace="App\Http\Controllers\DriveControllers">
          <metrics complexity="32" methods="6" coveredmethods="2" conditionals="0" coveredconditionals="0" statements="92" coveredstatements="85" elements="98" coveredelements="87"/>
        </class>
        <line num="28" type="method" name="__construct" visibility="public" complexity="1" crap="1" count="69"/>
        <line num="34" type="stmt" count="69"/>
        <line num="35" type="stmt" count="69"/>
        <line num="36" type="stmt" count="69"/>
        <line num="37" type="stmt" count="69"/>
        <line num="40" type="method" name="store" visibility="public" complexity="8" crap="8.04" count="62"/>
        <line num="42" type="stmt" count="62"/>
        <line num="43" type="stmt" count="62"/>
        <line num="44" type="stmt" count="62"/>
        <line num="45" type="stmt" count="62"/>
        <line num="46" type="stmt" count="62"/>
        <line num="48" type="stmt" count="62"/>
        <line num="49" type="stmt" count="0"/>
        <line num="51" type="stmt" count="62"/>
        <line num="52" type="stmt" count="0"/>
        <line num="54" type="stmt" count="62"/>
        <line num="55" type="stmt" count="62"/>
        <line num="56" type="stmt" count="62"/>
        <line num="57" type="stmt" count="62"/>
        <line num="58" type="stmt" count="62"/>
        <line num="59" type="stmt" count="62"/>
        <line num="60" type="stmt" count="3"/>
        <line num="63" type="stmt" count="62"/>
        <line num="64" type="stmt" count="2"/>
        <line num="65" type="stmt" count="2"/>
        <line num="68" type="stmt" count="62"/>
        <line num="69" type="stmt" count="62"/>
        <line num="70" type="stmt" count="62"/>
        <line num="73" type="stmt" count="2"/>
        <line num="76" type="method" name="processFiles" visibility="private" complexity="9" crap="9" count="62"/>
        <line num="79" type="stmt" count="62"/>
        <line num="81" type="stmt" count="62"/>
        <line num="82" type="stmt" count="62"/>
        <line num="83" type="stmt" count="62"/>
        <line num="84" type="stmt" count="62"/>
        <line num="86" type="stmt" count="62"/>
        <line num="87" type="stmt" count="0"/>
        <line num="90" type="stmt" count="62"/>
        <line num="91" type="stmt" count="62"/>
        <line num="92" type="stmt" count="62"/>
        <line num="93" type="stmt" count="62"/>
        <line num="94" type="stmt" count="62"/>
        <line num="95" type="stmt" count="62"/>
        <line num="96" type="stmt" count="62"/>
        <line num="99" type="stmt" count="62"/>
        <line num="100" type="stmt" count="62"/>
        <line num="101" type="stmt" count="62"/>
        <line num="102" type="stmt" count="62"/>
        <line num="103" type="stmt" count="62"/>
        <line num="105" type="stmt" count="3"/>
        <line num="106" type="stmt" count="62"/>
        <line num="107" type="stmt" count="2"/>
        <line num="109" type="stmt" count="2"/>
        <line num="110" type="stmt" count="2"/>
        <line num="111" type="stmt" count="2"/>
        <line num="112" type="stmt" count="2"/>
        <line num="113" type="stmt" count="2"/>
        <line num="115" type="stmt" count="62"/>
        <line num="116" type="stmt" count="62"/>
        <line num="117" type="stmt" count="62"/>
        <line num="118" type="stmt" count="62"/>
        <line num="119" type="stmt" count="62"/>
        <line num="123" type="stmt" count="62"/>
        <line num="126" type="method" name="uploadToDir" visibility="private" complexity="4" crap="4.13" count="62"/>
        <line num="128" type="stmt" count="62"/>
        <line num="129" type="stmt" count="62"/>
        <line num="130" type="stmt" count="48"/>
        <line num="132" type="stmt" count="62"/>
        <line num="134" type="stmt" count="62"/>
        <line num="135" type="stmt" count="62"/>
        <line num="136" type="stmt" count="62"/>
        <line num="138" type="stmt" count="0"/>
        <line num="139" type="stmt" count="0"/>
        <line num="141" type="stmt" count="62"/>
        <line num="144" type="method" name="createItem" visibility="public" complexity="6" crap="6" count="5"/>
        <line num="146" type="stmt" count="5"/>
        <line num="147" type="stmt" count="5"/>
        <line num="148" type="stmt" count="5"/>
        <line num="149" type="stmt" count="5"/>
        <line num="150" type="stmt" count="5"/>
        <line num="151" type="stmt" count="5"/>
        <line num="152" type="stmt" count="5"/>
        <line num="154" type="stmt" count="1"/>
        <line num="156" type="stmt" count="4"/>
        <line num="157" type="stmt" count="4"/>
        <line num="159" type="stmt" count="1"/>
        <line num="162" type="stmt" count="3"/>
        <line num="163" type="stmt" count="3"/>
        <line num="167" type="method" name="abortReplace" visibility="public" complexity="4" crap="4.18" count="2"/>
        <line num="169" type="stmt" count="2"/>
        <line num="170" type="stmt" count="1"/>
        <line num="171" type="stmt" count="1"/>
        <line num="173" type="stmt" count="1"/>
        <line num="174" type="stmt" count="1"/>
        <line num="175" type="stmt" count="1"/>
        <line num="176" type="stmt" count="0"/>
        <line num="179" type="stmt" count="1"/>
        <line num="181" type="stmt" count="0"/>
        <metrics loc="184" ncloc="183" classes="1" methods="6" coveredmethods="2" conditionals="0" coveredconditionals="0" statements="92" coveredstatements="85" elements="98" coveredelements="87"/>
      </file>
    </package>
    <package name="App\Http\Controllers\ShareControllers">
      <file name="/home/aa/work/itstime/personaldrive/personaldrivefirst/app/Http/Controllers/ShareControllers/ShareFilesGenController.php">
        <class name="App\Http\Controllers\ShareControllers\ShareFilesGenController" namespace="App\Http\Controllers\ShareControllers">
          <metrics complexity="6" methods="2" coveredmethods="1" conditionals="0" coveredconditionals="0" statements="17" coveredstatements="16" elements="19" coveredelements="17"/>
        </class>
        <line num="25" type="method" name="__construct" visibility="public" complexity="1" crap="1" count="16"/>
        <line num="29" type="stmt" count="16"/>
        <line num="30" type="stmt" count="16"/>
        <line num="33" type="method" name="index" visibility="public" complexity="5" crap="5.01" count="16"/>
        <line num="35" type="stmt" count="16"/>
        <line num="36" type="stmt" count="16"/>
        <line num="37" type="stmt" count="16"/>
        <line num="38" type="stmt" count="16"/>
        <line num="39" type="stmt" count="16"/>
        <line num="41" type="stmt" count="16"/>
        <line num="43" type="stmt" count="16"/>
        <line num="44" type="stmt" count="1"/>
        <line num="46" type="stmt" count="15"/>
        <line num="48" type="stmt" count="15"/>
        <line num="50" type="stmt" count="15"/>
        <line num="51" type="stmt" count="15"/>
        <line num="52" type="stmt" count="0"/>
        <line num="55" type="stmt" count="15"/>
        <line num="57" type="stmt" count="15"/>
        <metrics loc="60" ncloc="60" classes="1" methods="2" coveredmethods="1" conditionals="0" coveredconditionals="0" statements="17" coveredstatements="16" elements="19" coveredelements="17"/>
      </file>
      <file name="/home/aa/work/itstime/personaldrive/personaldrivefirst/app/Http/Controllers/ShareControllers/ShareFilesGuestController.php">
        <class name="App\Http\Controllers\ShareControllers\ShareFilesGuestController" namespace="App\Http\Controllers\ShareControllers">
          <metrics complexity="8" methods="3" coveredmethods="3" conditionals="0" coveredconditionals="0" statements="32" coveredstatements="32" elements="35" coveredelements="35"/>
        </class>
        <line num="18" type="method" name="index" visibility="public" complexity="4" crap="4" count="6"/>
        <line num="20" type="stmt" count="6"/>
        <line num="21" type="stmt" count="6"/>
        <line num="22" type="stmt" count="6"/>
        <line num="24" type="stmt" count="6"/>
        <line num="25" type="stmt" count="1"/>
        <line num="26" type="stmt" count="1"/>
        <line num="27" type="stmt" count="1"/>
        <line num="28" type="stmt" count="1"/>
        <line num="30" type="stmt" count="6"/>
        <line num="32" type="stmt" count="6"/>
        <line num="34" type="stmt" count="6"/>
        <line num="35" type="stmt" count="6"/>
        <line num="36" type="stmt" count="6"/>
        <line num="37" type="stmt" count="6"/>
        <line num="38" type="stmt" count="6"/>
        <line num="39" type="stmt" count="6"/>
        <line num="40" type="stmt" count="6"/>
        <line num="41" type="stmt" count="6"/>
        <line num="42" type="stmt" count="6"/>
        <line num="43" type="stmt" count="6"/>
        <line num="46" type="method" name="passwordPage" visibility="public" complexity="1" crap="1" count="3"/>
        <line num="48" type="stmt" count="3"/>
        <line num="49" type="stmt" count="3"/>
        <line num="52" type="method" name="checkPassword" visibility="public" complexity="3" crap="3" count="7"/>
        <line num="54" type="stmt" count="7"/>
        <line num="55" type="stmt" count="7"/>
        <line num="56" type="stmt" count="7"/>
        <line num="58" type="stmt" count="7"/>
        <line num="59" type="stmt" count="1"/>
        <line num="64" type="stmt" count="6"/>
        <line num="65" type="stmt" count="5"/>
        <line num="66" type="stmt" count="5"/>
        <line num="67" type="stmt" count="5"/>
        <line num="70" type="stmt" count="1"/>
        <metrics loc="73" ncloc="71" classes="1" methods="3" coveredmethods="3" conditionals="0" coveredconditionals="0" statements="32" coveredstatements="32" elements="35" coveredelements="35"/>
      </file>
      <file name="/home/aa/work/itstime/personaldrive/personaldrivefirst/app/Http/Controllers/ShareControllers/ShareFilesModController.php">
        <class name="App\Http\Controllers\ShareControllers\ShareFilesModController" namespace="App\Http\Controllers\ShareControllers">
          <metrics complexity="6" methods="2" coveredmethods="1" conditionals="0" coveredconditionals="0" statements="12" coveredstatements="11" elements="14" coveredelements="12"/>
        </class>
        <line num="14" type="method" name="delete" visibility="public" complexity="2" crap="2" count="2"/>
        <line num="16" type="stmt" count="2"/>
        <line num="17" type="stmt" count="2"/>
        <line num="18" type="stmt" count="1"/>
        <line num="21" type="stmt" count="2"/>
        <line num="24" type="method" name="pause" visibility="public" complexity="4" crap="4.03" count="2"/>
        <line num="26" type="stmt" count="2"/>
        <line num="27" type="stmt" count="2"/>
        <line num="29" type="stmt" count="2"/>
        <line num="30" type="stmt" count="1"/>
        <line num="33" type="stmt" count="1"/>
        <line num="34" type="stmt" count="1"/>
        <line num="35" type="stmt" count="1"/>
        <line num="38" type="stmt" count="0"/>
        <metrics loc="41" ncloc="41" classes="1" methods="2" coveredmethods="1" conditionals="0" coveredconditionals="0" statements="12" coveredstatements="11" elements="14" coveredelements="12"/>
      </file>
      <file name="/home/aa/work/itstime/personaldrive/personaldrivefirst/app/Http/Controllers/ShareControllers/ShareListController.php">
        <class name="App\Http\Controllers\ShareControllers\ShareListController" namespace="App\Http\Controllers\ShareControllers">
          <metrics complexity="2" methods="2" coveredmethods="2" conditionals="0" coveredconditionals="0" statements="4" coveredstatements="4" elements="6" coveredelements="6"/>
        </class>
        <line num="20" type="method" name="__construct" visibility="public" complexity="1" crap="1" count="2"/>
        <line num="24" type="stmt" count="2"/>
        <line num="25" type="stmt" count="2"/>
        <line num="28" type="method" name="index" visibility="public" complexity="1" crap="1" count="2"/>
        <line num="30" type="stmt" count="2"/>
        <line num="32" type="stmt" count="2"/>
        <metrics loc="35" ncloc="35" classes="1" methods="2" coveredmethods="2" conditionals="0" coveredconditionals="0" statements="4" coveredstatements="4" elements="6" coveredelements="6"/>
      </file>
    </package>
    <package name="App\Http\Middleware">
      <file name="/home/aa/work/itstime/personaldrive/personaldrivefirst/app/Http/Middleware/CheckAdmin.php">
        <class name="App\Http\Middleware\CheckAdmin" namespace="App\Http\Middleware">
          <metrics complexity="2" methods="1" coveredmethods="1" conditionals="0" coveredconditionals="0" statements="3" coveredstatements="3" elements="4" coveredelements="4"/>
        </class>
        <line num="11" type="method" name="handle" visibility="public" complexity="2" crap="2" count="91"/>
        <line num="13" type="stmt" count="91"/>
        <line num="14" type="stmt" count="90"/>
        <line num="16" type="stmt" count="1"/>
        <metrics loc="19" ncloc="19" classes="1" methods="1" coveredmethods="1" conditionals="0" coveredconditionals="0" statements="3" coveredstatements="3" elements="4" coveredelements="4"/>
      </file>
      <file name="/home/aa/work/itstime/personaldrive/personaldrivefirst/app/Http/Middleware/CheckSetup.php">
        <class name="App\Http\Middleware\CheckSetup" namespace="App\Http\Middleware">
          <metrics complexity="4" methods="1" coveredmethods="1" conditionals="0" coveredconditionals="0" statements="5" coveredstatements="5" elements="6" coveredelements="6"/>
        </class>
        <line num="14" type="method" name="handle" visibility="public" complexity="4" crap="4" count="131"/>
        <line num="16" type="stmt" count="131"/>
        <line num="17" type="stmt" count="131"/>
        <line num="18" type="stmt" count="131"/>
        <line num="21" type="stmt" count="9"/>
        <line num="24" type="stmt" count="123"/>
        <metrics loc="27" ncloc="26" classes="1" methods="1" coveredmethods="1" conditionals="0" coveredconditionals="0" statements="5" coveredstatements="5" elements="6" coveredelements="6"/>
      </file>
      <file name="/home/aa/work/itstime/personaldrive/personaldrivefirst/app/Http/Middleware/CleanupTempFiles.php">
        <class name="App\Http\Middleware\CleanupTempFiles" namespace="App\Http\Middleware">
          <metrics complexity="2" methods="2" coveredmethods="2" conditionals="0" coveredconditionals="0" statements="3" coveredstatements="3" elements="5" coveredelements="5"/>
        </class>
        <line num="14" type="method" name="__construct" visibility="public" complexity="1" crap="1" count="70"/>
        <line num="16" type="stmt" count="70"/>
        <line num="19" type="method" name="handle" visibility="public" complexity="1" crap="1" count="70"/>
        <line num="21" type="stmt" count="70"/>
        <line num="23" type="stmt" count="70"/>
        <metrics loc="26" ncloc="26" classes="1" methods="2" coveredmethods="2" conditionals="0" coveredconditionals="0" statements="3" coveredstatements="3" elements="5" coveredelements="5"/>
      </file>
      <file name="/home/aa/work/itstime/personaldrive/personaldrivefirst/app/Http/Middleware/EnsureFrontendBuilt.php">
        <class name="App\Http\Middleware\EnsureFrontendBuilt" namespace="App\Http\Middleware">
          <metrics complexity="2" methods="1" coveredmethods="1" conditionals="0" coveredconditionals="0" statements="6" coveredstatements="6" elements="7" coveredelements="7"/>
        </class>
        <line num="11" type="method" name="handle" visibility="public" complexity="2" crap="2" count="8"/>
        <line num="13" type="stmt" count="8"/>
        <line num="14" type="stmt" count="3"/>
        <line num="15" type="stmt" count="3"/>
        <line num="16" type="stmt" count="3"/>
        <line num="17" type="stmt" count="3"/>
        <line num="20" type="stmt" count="5"/>
        <metrics loc="23" ncloc="23" classes="1" methods="1" coveredmethods="1" conditionals="0" coveredconditionals="0" statements="6" coveredstatements="6" elements="7" coveredelements="7"/>
      </file>
      <file name="/home/aa/work/itstime/personaldrive/personaldrivefirst/app/Http/Middleware/HandleAuthOrGuestMiddleware.php">
        <class name="App\Http\Middleware\HandleAuthOrGuestMiddleware" namespace="App\Http\Middleware">
          <metrics complexity="2" methods="1" coveredmethods="1" conditionals="0" coveredconditionals="0" statements="4" coveredstatements="4" elements="5" coveredelements="5"/>
        </class>
        <line num="13" type="method" name="handle" visibility="public" complexity="2" crap="2" count="14"/>
        <line num="15" type="stmt" count="14"/>
        <line num="17" type="stmt" count="14"/>
        <line num="18" type="stmt" count="5"/>
        <line num="20" type="stmt" count="5"/>
        <metrics loc="24" ncloc="23" classes="1" methods="1" coveredmethods="1" conditionals="0" coveredconditionals="0" statements="4" coveredstatements="4" elements="5" coveredelements="5"/>
      </file>
      <file name="/home/aa/work/itstime/personaldrive/personaldrivefirst/app/Http/Middleware/HandleGuestShareMiddleware.php">
        <class name="App\Http\Middleware\HandleGuestShareMiddleware" namespace="App\Http\Middleware">
          <metrics complexity="9" methods="2" coveredmethods="1" conditionals="0" coveredconditionals="0" statements="11" coveredstatements="10" elements="13" coveredelements="11"/>
        </class>
        <line num="13" type="method" name="handle" visibility="public" complexity="7" crap="7.05" count="13"/>
        <line num="15" type="stmt" count="13"/>
        <line num="16" type="stmt" count="13"/>
        <line num="17" type="stmt" count="0"/>
        <line num="19" type="stmt" count="13"/>
        <line num="21" type="stmt" count="13"/>
        <line num="22" type="stmt" count="4"/>
        <line num="24" type="stmt" count="9"/>
        <line num="25" type="stmt" count="3"/>
        <line num="27" type="stmt" count="8"/>
        <line num="28" type="stmt" count="8"/>
        <line num="31" type="method" name="isNeedsPassword" visibility="public" complexity="2" crap="2" count="9"/>
        <line num="33" type="stmt" count="9"/>
        <metrics loc="36" ncloc="36" classes="1" methods="2" coveredmethods="1" conditionals="0" coveredconditionals="0" statements="11" coveredstatements="10" elements="13" coveredelements="11"/>
      </file>
      <file name="/home/aa/work/itstime/personaldrive/personaldrivefirst/app/Http/Middleware/HandleInertiaMiddleware.php">
        <class name="App\Http\Middleware\HandleInertiaMiddleware" namespace="App\Http\Middleware">
          <metrics complexity="4" methods="2" coveredmethods="2" conditionals="0" coveredconditionals="0" statements="15" coveredstatements="15" elements="17" coveredelements="17"/>
        </class>
        <line num="20" type="method" name="version" visibility="public" complexity="1" crap="1" count="101"/>
        <line num="22" type="stmt" count="101"/>
        <line num="28" type="method" name="share" visibility="public" complexity="3" crap="3" count="123"/>
        <line num="30" type="stmt" count="123"/>
        <line num="31" type="stmt" count="123"/>
        <line num="32" type="stmt" count="123"/>
        <line num="33" type="stmt" count="123"/>
        <line num="34" type="stmt" count="123"/>
        <line num="35" type="stmt" count="123"/>
        <line num="36" type="stmt" count="13"/>
        <line num="39" type="stmt" count="123"/>
        <line num="40" type="stmt" count="123"/>
        <line num="41" type="stmt" count="2"/>
        <line num="44" type="stmt" count="123"/>
        <line num="45" type="stmt" count="123"/>
        <line num="46" type="stmt" count="123"/>
        <line num="47" type="stmt" count="123"/>
        <metrics loc="50" ncloc="39" classes="1" methods="2" coveredmethods="2" conditionals="0" coveredconditionals="0" statements="15" coveredstatements="15" elements="17" coveredelements="17"/>
      </file>
      <file name="/home/aa/work/itstime/personaldrive/personaldrivefirst/app/Http/Middleware/OptionalAuth.php">
        <class name="App\Http\Middleware\OptionalAuth" namespace="App\Http\Middleware">
          <metrics complexity="6" methods="1" coveredmethods="1" conditionals="0" coveredconditionals="0" statements="10" coveredstatements="10" elements="11" coveredelements="11"/>
        </class>
        <line num="12" type="method" name="handle" visibility="public" complexity="6" crap="6" count="93"/>
        <line num="14" type="stmt" count="93"/>
        <line num="15" type="stmt" count="1"/>
        <line num="16" type="stmt" count="1"/>
        <line num="17" type="stmt" count="1"/>
        <line num="20" type="stmt" count="92"/>
        <line num="21" type="stmt" count="4"/>
        <line num="22" type="stmt" count="4"/>
        <line num="23" type="stmt" count="4"/>
        <line num="24" type="stmt" count="4"/>
        <line num="28" type="stmt" count="92"/>
        <metrics loc="31" ncloc="31" classes="1" methods="1" coveredmethods="1" conditionals="0" coveredconditionals="0" statements="10" coveredstatements="10" elements="11" coveredelements="11"/>
      </file>
      <file name="/home/aa/work/itstime/personaldrive/personaldrivefirst/app/Http/Middleware/PreventSetupAccess.php">
        <class name="App\Http\Middleware\PreventSetupAccess" namespace="App\Http\Middleware">
          <metrics complexity="3" methods="1" coveredmethods="1" conditionals="0" coveredconditionals="0" statements="3" coveredstatements="3" elements="4" coveredelements="4"/>
        </class>
        <line num="13" type="method" name="handle" visibility="public" complexity="3" crap="3" count="93"/>
        <line num="15" type="stmt" count="93"/>
        <line num="16" type="stmt" count="1"/>
        <line num="19" type="stmt" count="92"/>
        <metrics loc="22" ncloc="22" classes="1" methods="1" coveredmethods="1" conditionals="0" coveredconditionals="0" statements="3" coveredstatements="3" elements="4" coveredelements="4"/>
      </file>
      <file name="/home/aa/work/itstime/personaldrive/personaldrivefirst/app/Http/Middleware/TrustProxies.php">
        <class name="App\Http\Middleware\TrustProxies" namespace="App\Http\Middleware">
          <metrics complexity="2" methods="1" coveredmethods="1" conditionals="0" coveredconditionals="0" statements="9" coveredstatements="9" elements="10" coveredelements="10"/>
        </class>
        <line num="13" type="method" name="__construct" visibility="public" complexity="2" crap="2" count="131"/>
        <line num="15" type="stmt" count="131"/>
        <line num="16" type="stmt" count="3"/>
        <line num="17" type="stmt" count="3"/>
        <line num="18" type="stmt" count="3"/>
        <line num="19" type="stmt" count="3"/>
        <line num="20" type="stmt" count="3"/>
        <line num="21" type="stmt" count="3"/>
        <line num="22" type="stmt" count="3"/>
        <line num="23" type="stmt" count="3"/>
        <metrics loc="27" ncloc="27" classes="1" methods="1" coveredmethods="1" conditionals="0" coveredconditionals="0" statements="9" coveredstatements="9" elements="10" coveredelements="10"/>
      </file>
      <file name="/home/aa/work/itstime/personaldrive/personaldrivefirst/app/Http/Middleware/TwoFactorGuest.php">
        <class name="App\Http\Middleware\TwoFactorGuest" namespace="App\Http\Middleware">
          <metrics complexity="2" methods="1" coveredmethods="1" conditionals="0" coveredconditionals="0" statements="3" coveredstatements="3" elements="4" coveredelements="4"/>
        </class>
        <line num="11" type="method" name="handle" visibility="public" complexity="2" crap="2" count="7"/>
        <line num="13" type="stmt" count="7"/>
        <line num="14" type="stmt" count="2"/>
        <line num="17" type="stmt" count="6"/>
        <metrics loc="20" ncloc="20" classes="1" methods="1" coveredmethods="1" conditionals="0" coveredconditionals="0" statements="3" coveredstatements="3" elements="4" coveredelements="4"/>
      </file>
    </package>
    <package name="App\Http\Requests\AdminRequests">
      <file name="/home/aa/work/itstime/personaldrive/personaldrivefirst/app/Http/Requests/AdminRequests/AdminConfigRequest.php">
        <class name="App\Http\Requests\AdminRequests\AdminConfigRequest" namespace="App\Http\Requests\AdminRequests">
          <metrics complexity="1" methods="1" coveredmethods="1" conditionals="0" coveredconditionals="0" statements="3" coveredstatements="3" elements="4" coveredelements="4"/>
        </class>
        <line num="10" type="method" name="rules" visibility="public" complexity="1" crap="1" count="83"/>
        <line num="12" type="stmt" count="83"/>
        <line num="13" type="stmt" count="83"/>
        <line num="14" type="stmt" count="83"/>
        <metrics loc="17" ncloc="17" classes="1" methods="1" coveredmethods="1" conditionals="0" coveredconditionals="0" statements="3" coveredstatements="3" elements="4" coveredelements="4"/>
      </file>
      <file name="/home/aa/work/itstime/personaldrive/personaldrivefirst/app/Http/Requests/AdminRequests/SetupAccountRequest.php">
        <class name="App\Http\Requests\AdminRequests\SetupAccountRequest" namespace="App\Http\Requests\AdminRequests">
          <metrics complexity="1" methods="1" coveredmethods="1" conditionals="0" coveredconditionals="0" statements="4" coveredstatements="4" elements="5" coveredelements="5"/>
        </class>
        <line num="10" type="method" name="rules" visibility="public" complexity="1" crap="1" count="86"/>
        <line num="12" type="stmt" count="86"/>
        <line num="13" type="stmt" count="86"/>
        <line num="14" type="stmt" count="86"/>
        <line num="15" type="stmt" count="86"/>
        <metrics loc="18" ncloc="18" classes="1" methods="1" coveredmethods="1" conditionals="0" coveredconditionals="0" statements="4" coveredstatements="4" elements="5" coveredelements="5"/>
      </file>
      <file name="/home/aa/work/itstime/personaldrive/personaldrivefirst/app/Http/Requests/AdminRequests/TwoFactorCodeCheckRequest.php">
        <class name="App\Http\Requests\AdminRequests\TwoFactorCodeCheckRequest" namespace="App\Http\Requests\AdminRequests">
          <metrics complexity="1" methods="1" coveredmethods="1" conditionals="0" coveredconditionals="0" statements="3" coveredstatements="3" elements="4" coveredelements="4"/>
        </class>
        <line num="9" type="method" name="rules" visibility="public" complexity="1" crap="1" count="3"/>
        <line num="11" type="stmt" count="3"/>
        <line num="12" type="stmt" count="3"/>
        <line num="13" type="stmt" count="3"/>
        <metrics loc="17" ncloc="17" classes="1" methods="1" coveredmethods="1" conditionals="0" coveredconditionals="0" statements="3" coveredstatements="3" elements="4" coveredelements="4"/>
      </file>
    </package>
    <package name="App\Http\Requests\Auth">
      <file name="/home/aa/work/itstime/personaldrive/personaldrivefirst/app/Http/Requests/Auth/LoginRequest.php">
        <class name="App\Http\Requests\Auth\LoginRequest" namespace="App\Http\Requests\Auth">
          <metrics complexity="7" methods="5" coveredmethods="5" conditionals="0" coveredconditionals="0" statements="30" coveredstatements="30" elements="35" coveredelements="35"/>
        </class>
        <line num="18" type="method" name="authorize" visibility="public" complexity="1" crap="1" count="4"/>
        <line num="20" type="stmt" count="4"/>
        <line num="24" type="method" name="rules" visibility="public" complexity="1" crap="1" count="4"/>
        <line num="26" type="stmt" count="4"/>
        <line num="27" type="stmt" count="4"/>
        <line num="28" type="stmt" count="4"/>
        <line num="29" type="stmt" count="4"/>
        <line num="37" type="method" name="authenticate" visibility="public" complexity="2" crap="2" count="10"/>
        <line num="39" type="stmt" count="10"/>
        <line num="41" type="stmt" count="10"/>
        <line num="42" type="stmt" count="5"/>
        <line num="44" type="stmt" count="5"/>
        <line num="45" type="stmt" count="5"/>
        <line num="46" type="stmt" count="5"/>
        <line num="47" type="stmt" count="5"/>
        <line num="48" type="stmt" count="5"/>
        <line num="51" type="stmt" count="5"/>
        <line num="59" type="method" name="ensureIsNotRateLimited" visibility="public" complexity="2" crap="2" count="12"/>
        <line num="61" type="stmt" count="12"/>
        <line num="62" type="stmt" count="11"/>
        <line num="65" type="stmt" count="1"/>
        <line num="67" type="stmt" count="1"/>
        <line num="69" type="stmt" count="1"/>
        <line num="70" type="stmt" count="1"/>
        <line num="71" type="stmt" count="1"/>
        <line num="72" type="stmt" count="1"/>
        <line num="73" type="stmt" count="1"/>
        <line num="74" type="stmt" count="1"/>
        <line num="75" type="stmt" count="1"/>
        <line num="76" type="stmt" count="1"/>
        <line num="77" type="stmt" count="1"/>
        <line num="78" type="stmt" count="1"/>
        <line num="79" type="stmt" count="1"/>
        <line num="85" type="method" name="throttleKey" visibility="public" complexity="1" crap="1" count="16"/>
        <line num="87" type="stmt" count="16"/>
        <metrics loc="90" ncloc="74" classes="1" methods="5" coveredmethods="5" conditionals="0" coveredconditionals="0" statements="30" coveredstatements="30" elements="35" coveredelements="35"/>
      </file>
    </package>
    <package name="App\Http\Requests">
      <file name="/home/aa/work/itstime/personaldrive/personaldrivefirst/app/Http/Requests/CommonRequest.php">
        <class name="App\Http\Requests\CommonRequest" namespace="App\Http\Requests">
          <metrics complexity="9" methods="9" coveredmethods="9" conditionals="0" coveredconditionals="0" statements="28" coveredstatements="28" elements="37" coveredelements="37"/>
        </class>
        <line num="18" type="method" name="shareSlugRules" visibility="public" complexity="1" crap="1" count="25"/>
        <line num="20" type="stmt" count="25"/>
        <line num="21" type="stmt" count="25"/>
        <line num="22" type="stmt" count="25"/>
        <line num="25" type="method" name="baseNameRule" visibility="public" complexity="1" crap="1" count="94"/>
        <line num="27" type="stmt" count="94"/>
        <line num="28" type="stmt" count="94"/>
        <line num="29" type="stmt" count="94"/>
        <line num="30" type="stmt" count="94"/>
        <line num="31" type="stmt" count="94"/>
        <line num="32" type="stmt" count="94"/>
        <line num="36" type="method" name="passwordRules" visibility="public" complexity="1" crap="1" count="89"/>
        <line num="38" type="stmt" count="89"/>
        <line num="41" type="method" name="fileListRules" visibility="public" complexity="1" crap="1" count="28"/>
        <line num="43" type="stmt" count="28"/>
        <line num="44" type="stmt" count="28"/>
        <line num="45" type="stmt" count="28"/>
        <line num="46" type="stmt" count="28"/>
        <line num="49" type="method" name="usernameRules" visibility="public" complexity="1" crap="1" count="89"/>
        <line num="51" type="stmt" count="89"/>
        <line num="54" type="method" name="itemNameRule" visibility="public" complexity="1" crap="1" count="17"/>
        <line num="56" type="stmt" count="17"/>
        <line num="57" type="stmt" count="17"/>
        <line num="58" type="stmt" count="17"/>
        <line num="59" type="stmt" count="17"/>
        <line num="61" type="stmt" count="17"/>
        <line num="62" type="stmt" count="17"/>
        <line num="65" type="method" name="pathRules" visibility="public" complexity="1" crap="1" count="92"/>
        <line num="67" type="stmt" count="92"/>
        <line num="68" type="stmt" count="92"/>
        <line num="69" type="stmt" count="92"/>
        <line num="70" type="stmt" count="92"/>
        <line num="71" type="stmt" count="92"/>
        <line num="75" type="method" name="localFileIdRules" visibility="public" complexity="1" crap="1" count="23"/>
        <line num="77" type="stmt" count="23"/>
        <line num="80" type="method" name="sharePasswordRules" visibility="public" complexity="1" crap="1" count="17"/>
        <line num="82" type="stmt" count="17"/>
        <metrics loc="85" ncloc="81" classes="1" methods="9" coveredmethods="9" conditionals="0" coveredconditionals="0" statements="28" coveredstatements="28" elements="37" coveredelements="37"/>
      </file>
    </package>
    <package name="App\Http\Requests\DriveRequests">
      <file name="/home/aa/work/itstime/personaldrive/personaldrivefirst/app/Http/Requests/DriveRequests/CreateItemRequest.php">
        <class name="App\Http\Requests\DriveRequests\CreateItemRequest" namespace="App\Http\Requests\DriveRequests">
          <metrics complexity="1" methods="1" coveredmethods="1" conditionals="0" coveredconditionals="0" statements="5" coveredstatements="5" elements="6" coveredelements="6"/>
        </class>
        <line num="10" type="method" name="rules" visibility="public" complexity="1" crap="1" count="7"/>
        <line num="12" type="stmt" count="7"/>
        <line num="13" type="stmt" count="7"/>
        <line num="14" type="stmt" count="7"/>
        <line num="15" type="stmt" count="7"/>
        <line num="16" type="stmt" count="7"/>
        <metrics loc="19" ncloc="19" classes="1" methods="1" coveredmethods="1" conditionals="0" coveredconditionals="0" statements="5" coveredstatements="5" elements="6" coveredelements="6"/>
      </file>
      <file name="/home/aa/work/itstime/personaldrive/personaldrivefirst/app/Http/Requests/DriveRequests/DownloadRequest.php">
        <class name="App\Http\Requests\DriveRequests\DownloadRequest" namespace="App\Http\Requests\DriveRequests">
          <metrics complexity="1" methods="1" coveredmethods="1" conditionals="0" coveredconditionals="0" statements="1" coveredstatements="1" elements="2" coveredelements="2"/>
        </class>
        <line num="10" type="method" name="rules" visibility="public" complexity="1" crap="1" count="5"/>
        <line num="12" type="stmt" count="5"/>
        <metrics loc="15" ncloc="15" classes="1" methods="1" coveredmethods="1" conditionals="0" coveredconditionals="0" statements="1" coveredstatements="1" elements="2" coveredelements="2"/>
      </file>
      <file name="/home/aa/work/itstime/personaldrive/personaldrivefirst/app/Http/Requests/DriveRequests/FetchFileRequest.php">
        <class name="App\Http\Requests\DriveRequests\FetchFileRequest" namespace="App\Http\Requests\DriveRequests">
          <metrics complexity="2" methods="2" coveredmethods="2" conditionals="0" coveredconditionals="0" statements="10" coveredstatements="10" elements="12" coveredelements="12"/>
        </class>
        <line num="10" type="method" name="rules" visibility="public" complexity="1" crap="1" count="7"/>
        <line num="12" type="stmt" count="7"/>
        <line num="13" type="stmt" count="7"/>
        <line num="14" type="stmt" count="7"/>
        <line num="15" type="stmt" count="7"/>
        <line num="18" type="method" name="prepareForValidation" visibility="protected" complexity="1" crap="1" count="7"/>
        <line num="20" type="stmt" count="7"/>
        <line num="21" type="stmt" count="7"/>
        <line num="22" type="stmt" count="7"/>
        <line num="23" type="stmt" count="7"/>
        <line num="24" type="stmt" count="7"/>
        <line num="25" type="stmt" count="7"/>
        <metrics loc="28" ncloc="28" classes="1" methods="2" coveredmethods="2" conditionals="0" coveredconditionals="0" statements="10" coveredstatements="10" elements="12" coveredelements="12"/>
      </file>
      <file name="/home/aa/work/itstime/personaldrive/personaldrivefirst/app/Http/Requests/DriveRequests/FileDeleteRequest.php">
        <class name="App\Http\Requests\DriveRequests\FileDeleteRequest" namespace="App\Http\Requests\DriveRequests">
          <metrics complexity="1" methods="1" coveredmethods="1" conditionals="0" coveredconditionals="0" statements="1" coveredstatements="1" elements="2" coveredelements="2"/>
        </class>
        <line num="10" type="method" name="rules" visibility="public" complexity="1" crap="1" count="3"/>
        <line num="12" type="stmt" count="3"/>
        <metrics loc="15" ncloc="15" classes="1" methods="1" coveredmethods="1" conditionals="0" coveredconditionals="0" statements="1" coveredstatements="1" elements="2" coveredelements="2"/>
      </file>
      <file name="/home/aa/work/itstime/personaldrive/personaldrivefirst/app/Http/Requests/DriveRequests/FileManagerRequest.php">
        <class name="App\Http\Requests\DriveRequests\FileManagerRequest" namespace="App\Http\Requests\DriveRequests">
          <metrics complexity="2" methods="2" coveredmethods="2" conditionals="0" coveredconditionals="0" statements="6" coveredstatements="6" elements="8" coveredelements="8"/>
        </class>
        <line num="10" type="method" name="rules" visibility="public" complexity="1" crap="1" count="8"/>
        <line num="12" type="stmt" count="8"/>
        <line num="15" type="method" name="prepareForValidation" visibility="protected" complexity="1" crap="1" count="8"/>
        <line num="17" type="stmt" count="8"/>
        <line num="18" type="stmt" count="8"/>
        <line num="19" type="stmt" count="8"/>
        <line num="20" type="stmt" count="8"/>
        <line num="21" type="stmt" count="8"/>
        <metrics loc="24" ncloc="24" classes="1" methods="2" coveredmethods="2" conditionals="0" coveredconditionals="0" statements="6" coveredstatements="6" elements="8" coveredelements="8"/>
      </file>
      <file name="/home/aa/work/itstime/personaldrive/personaldrivefirst/app/Http/Requests/DriveRequests/FileRenameRequest.php">
        <class name="App\Http\Requests\DriveRequests\FileRenameRequest" namespace="App\Http\Requests\DriveRequests">
          <metrics complexity="1" methods="1" coveredmethods="1" conditionals="0" coveredconditionals="0" statements="4" coveredstatements="4" elements="5" coveredelements="5"/>
        </class>
        <line num="10" type="method" name="rules" visibility="public" complexity="1" crap="1" count="5"/>
        <line num="12" type="stmt" count="5"/>
        <line num="13" type="stmt" count="5"/>
        <line num="14" type="stmt" count="5"/>
        <line num="15" type="stmt" count="5"/>
        <metrics loc="18" ncloc="18" classes="1" methods="1" coveredmethods="1" conditionals="0" coveredconditionals="0" statements="4" coveredstatements="4" elements="5" coveredelements="5"/>
      </file>
      <file name="/home/aa/work/itstime/personaldrive/personaldrivefirst/app/Http/Requests/DriveRequests/FileSaveRequest.php">
        <class name="App\Http\Requests\DriveRequests\FileSaveRequest" namespace="App\Http\Requests\DriveRequests">
          <metrics complexity="1" methods="1" coveredmethods="1" conditionals="0" coveredconditionals="0" statements="4" coveredstatements="4" elements="5" coveredelements="5"/>
        </class>
        <line num="10" type="method" name="rules" visibility="public" complexity="1" crap="1" count="9"/>
        <line num="12" type="stmt" count="9"/>
        <line num="13" type="stmt" count="9"/>
        <line num="14" type="stmt" count="9"/>
        <line num="15" type="stmt" count="9"/>
        <metrics loc="18" ncloc="18" classes="1" methods="1" coveredmethods="1" conditionals="0" coveredconditionals="0" statements="4" coveredstatements="4" elements="5" coveredelements="5"/>
      </file>
      <file name="/home/aa/work/itstime/personaldrive/personaldrivefirst/app/Http/Requests/DriveRequests/GenThumbnailRequest.php">
        <class name="App\Http\Requests\DriveRequests\GenThumbnailRequest" namespace="App\Http\Requests\DriveRequests">
          <metrics complexity="1" methods="1" coveredmethods="1" conditionals="0" coveredconditionals="0" statements="5" coveredstatements="5" elements="6" coveredelements="6"/>
        </class>
        <line num="10" type="method" name="rules" visibility="public" complexity="1" crap="1" count="2"/>
        <line num="12" type="stmt" count="2"/>
        <line num="13" type="stmt" count="2"/>
        <line num="14" type="stmt" count="2"/>
        <line num="15" type="stmt" count="2"/>
        <line num="16" type="stmt" count="2"/>
        <metrics loc="19" ncloc="19" classes="1" methods="1" coveredmethods="1" conditionals="0" coveredconditionals="0" statements="5" coveredstatements="5" elements="6" coveredelements="6"/>
      </file>
      <file name="/home/aa/work/itstime/personaldrive/personaldrivefirst/app/Http/Requests/DriveRequests/MoveFilesRequest.php">
        <class name="App\Http\Requests\DriveRequests\MoveFilesRequest" namespace="App\Http\Requests\DriveRequests">
          <metrics complexity="1" methods="1" coveredmethods="1" conditionals="0" coveredconditionals="0" statements="1" coveredstatements="1" elements="2" coveredelements="2"/>
        </class>
        <line num="10" type="method" name="rules" visibility="public" complexity="1" crap="1" count="5"/>
        <line num="12" type="stmt" count="5"/>
        <metrics loc="15" ncloc="15" classes="1" methods="1" coveredmethods="1" conditionals="0" coveredconditionals="0" statements="1" coveredstatements="1" elements="2" coveredelements="2"/>
      </file>
      <file name="/home/aa/work/itstime/personaldrive/personaldrivefirst/app/Http/Requests/DriveRequests/ReplaceAbortRequest.php">
        <class name="App\Http\Requests\DriveRequests\ReplaceAbortRequest" namespace="App\Http\Requests\DriveRequests">
          <metrics complexity="1" methods="1" coveredmethods="1" conditionals="0" coveredconditionals="0" statements="3" coveredstatements="3" elements="4" coveredelements="4"/>
        </class>
        <line num="9" type="method" name="rules" visibility="public" complexity="1" crap="1" count="2"/>
        <line num="11" type="stmt" count="2"/>
        <line num="12" type="stmt" count="2"/>
        <line num="13" type="stmt" count="2"/>
[...]
        <line num="29" type="stmt" count="2"/>
        <line num="30" type="stmt" count="2"/>
        <line num="34" type="method" name="getSplFileStats" visibility="public" complexity="3" crap="3" count="72"/>
        <line num="41" type="stmt" count="72"/>
        <line num="42" type="stmt" count="72"/>
        <line num="43" type="stmt" count="72"/>
        <line num="44" type="stmt" count="72"/>
        <line num="45" type="stmt" count="72"/>
        <line num="46" type="stmt" count="72"/>
        <line num="47" type="stmt" count="72"/>
        <line num="48" type="stmt" count="72"/>
        <line num="49" type="stmt" count="72"/>
        <line num="52" type="method" name="getFileType" visibility="private" complexity="10" crap="10.39" count="75"/>
        <line num="54" type="stmt" count="75"/>
        <line num="55" type="stmt" count="48"/>
        <line num="57" type="stmt" count="72"/>
        <line num="59" type="stmt" count="72"/>
        <line num="60" type="stmt" count="5"/>
        <line num="61" type="stmt" count="67"/>
        <line num="62" type="stmt" count="0"/>
        <line num="63" type="stmt" count="67"/>
        <line num="64" type="stmt" count="1"/>
        <line num="65" type="stmt" count="66"/>
        <line num="66" type="stmt" count="0"/>
        <line num="67" type="stmt" count="66"/>
        <line num="68" type="stmt" count="14"/>
        <line num="69" type="stmt" count="59"/>
        <line num="70" type="stmt" count="0"/>
        <line num="71" type="stmt" count="59"/>
        <line num="72" type="stmt" count="59"/>
        <line num="74" type="stmt" count="1"/>
        <line num="77" type="stmt" count="72"/>
        <line num="80" type="method" name="generateStats" visibility="public" complexity="2" crap="2" count="83"/>
        <line num="82" type="stmt" count="83"/>
        <line num="83" type="stmt" count="83"/>
        <line num="84" type="stmt" count="1"/>
        <line num="87" type="stmt" count="82"/>
        <line num="90" type="method" name="populateLocalFileWithStats" visibility="private" complexity="1" crap="1" count="82"/>
        <line num="92" type="stmt" count="82"/>
        <line num="93" type="stmt" count="82"/>
        <line num="94" type="stmt" count="82"/>
        <line num="95" type="stmt" count="82"/>
        <line num="98" type="method" name="createFileIterator" visibility="private" complexity="1" crap="1" count="82"/>
        <line num="100" type="stmt" count="82"/>
        <line num="101" type="stmt" count="82"/>
        <line num="102" type="stmt" count="82"/>
        <line num="103" type="stmt" count="82"/>
        <line num="105" type="stmt" count="82"/>
        <line num="106" type="stmt" count="82"/>
        <line num="107" type="stmt" count="82"/>
        <line num="108" type="stmt" count="82"/>
        <line num="111" type="method" name="getFileItemDetails" visibility="public" complexity="1" crap="1" count="64"/>
        <line num="113" type="stmt" count="64"/>
        <line num="114" type="stmt" count="64"/>
        <line num="115" type="stmt" count="64"/>
        <line num="116" type="stmt" count="64"/>
        <line num="119" type="method" name="updateFileStats" visibility="public" complexity="1" crap="1" count="11"/>
        <line num="121" type="stmt" count="11"/>
        <line num="122" type="stmt" count="11"/>
        <line num="123" type="stmt" count="11"/>
        <line num="124" type="stmt" count="11"/>
        <line num="125" type="stmt" count="11"/>
        <line num="126" type="stmt" count="11"/>
        <line num="127" type="stmt" count="11"/>
        <metrics loc="130" ncloc="130" classes="1" methods="9" coveredmethods="8" conditionals="0" coveredconditionals="0" statements="60" coveredstatements="57" elements="69" coveredelements="65"/>
      </file>
      <file name="/home/aa/work/itstime/personaldrive/personaldrivefirst/app/Services/PathService.php">
        <class name="App\Services\PathService" namespace="App\Services">
          <metrics complexity="19" methods="7" coveredmethods="5" conditionals="0" coveredconditionals="0" statements="31" coveredstatements="29" elements="38" coveredelements="34"/>
        </class>
        <line num="10" type="method" name="getPlusContentRoot" visibility="public" complexity="3" crap="3" count="67"/>
        <line num="12" type="stmt" count="67"/>
        <line num="15" type="method" name="getThumbnailAbsPath" visibility="public" complexity="1" crap="1" count="1"/>
        <line num="17" type="stmt" count="1"/>
        <line num="20" type="method" name="genPrivatePathFromPublic" visibility="public" complexity="3" crap="3.03" count="83"/>
        <line num="22" type="stmt" count="83"/>
        <line num="24" type="stmt" count="83"/>
        <line num="25" type="stmt" count="0"/>
        <line num="28" type="stmt" count="83"/>
        <line num="29" type="stmt" count="82"/>
        <line num="31" type="stmt" count="18"/>
        <line num="32" type="stmt" count="18"/>
        <line num="35" type="method" name="getStorageFolderPath" visibility="public" complexity="1" crap="1" count="83"/>
        <line num="37" type="stmt" count="83"/>
        <line num="40" type="method" name="cleanDrivePublicPath" visibility="public" complexity="3" crap="3" count="69"/>
        <line num="43" type="stmt" count="69"/>
        <line num="44" type="stmt" count="1"/>
        <line num="46" type="stmt" count="69"/>
        <line num="47" type="stmt" count="2"/>
        <line num="49" type="stmt" count="68"/>
        <line num="58" type="method" name="sanitizeUploadPath" visibility="public" complexity="3" crap="3" count="73"/>
        <line num="60" type="stmt" count="73"/>
        <line num="61" type="stmt" count="1"/>
        <line num="64" type="stmt" count="72"/>
        <line num="65" type="stmt" count="72"/>
        <line num="67" type="stmt" count="72"/>
        <line num="75" type="method" name="sanitizeFileName" visibility="public" complexity="5" crap="5.02" count="67"/>
        <line num="78" type="stmt" count="67"/>
        <line num="79" type="stmt" count="67"/>
        <line num="82" type="stmt" count="67"/>
        <line num="83" type="stmt" count="1"/>
        <line num="86" type="stmt" count="67"/>
        <line num="87" type="stmt" count="2"/>
        <line num="90" type="stmt" count="65"/>
        <line num="91" type="stmt" count="1"/>
        <line num="94" type="stmt" count="64"/>
        <line num="95" type="stmt" count="0"/>
        <line num="98" type="stmt" count="64"/>
        <metrics loc="101" ncloc="87" classes="1" methods="7" coveredmethods="5" conditionals="0" coveredconditionals="0" statements="31" coveredstatements="29" elements="38" coveredelements="34"/>
      </file>
      <file name="/home/aa/work/itstime/personaldrive/personaldrivefirst/app/Services/ThumbnailService.php">
        <class name="App\Services\ThumbnailService" namespace="App\Services">
          <metrics complexity="20" methods="10" coveredmethods="8" conditionals="0" coveredconditionals="0" statements="46" coveredstatements="44" elements="56" coveredelements="52"/>
        </class>
        <line num="26" type="method" name="__construct" visibility="public" complexity="1" crap="1" count="95"/>
        <line num="28" type="stmt" count="95"/>
        <line num="29" type="stmt" count="95"/>
        <line num="32" type="method" name="genThumbnailsForFileIds" visibility="public" complexity="1" crap="1" count="6"/>
        <line num="34" type="stmt" count="6"/>
        <line num="35" type="stmt" count="6"/>
        <line num="38" type="method" name="getGeneratableFiles" visibility="public" complexity="1" crap="1" count="7"/>
        <line num="40" type="stmt" count="7"/>
        <line num="43" type="method" name="generateThumbnails" visibility="public" complexity="1" crap="1" count="6"/>
        <line num="45" type="stmt" count="6"/>
        <line num="47" type="stmt" count="6"/>
        <line num="48" type="stmt" count="6"/>
        <line num="49" type="stmt" count="6"/>
        <line num="50" type="stmt" count="6"/>
        <line num="57" type="method" name="ensureImageDriverLoaded" visibility="public" complexity="2" crap="2.50" count="6"/>
        <line num="59" type="stmt" count="6"/>
        <line num="60" type="stmt" count="0"/>
        <line num="64" type="method" name="generateThumbnail" visibility="public" complexity="4" crap="4" count="12"/>
        <line num="66" type="stmt" count="12"/>
        <line num="67" type="stmt" count="3"/>
        <line num="68" type="stmt" count="4"/>
        <line num="69" type="stmt" count="11"/>
        <line num="70" type="stmt" count="12"/>
        <line num="76" type="method" name="handleVideo" visibility="protected" complexity="3" crap="3.01" count="3"/>
        <line num="78" type="stmt" count="3"/>
        <line num="80" type="stmt" count="3"/>
        <line num="81" type="stmt" count="1"/>
        <line num="84" type="stmt" count="2"/>
        <line num="86" type="stmt" count="2"/>
        <line num="87" type="stmt" count="2"/>
        <line num="88" type="stmt" count="1"/>
        <line num="89" type="stmt" count="1"/>
        <line num="90" type="stmt" count="1"/>
        <line num="91" type="stmt" count="0"/>
        <line num="95" type="method" name="getFullFileThumbnailPath" visibility="public" complexity="3" crap="3" count="10"/>
        <line num="97" type="stmt" count="10"/>
        <line num="99" type="stmt" count="10"/>
        <line num="100" type="stmt" count="3"/>
        <line num="103" type="stmt" count="10"/>
        <line num="104" type="stmt" count="10"/>
        <line num="105" type="stmt" count="10"/>
        <line num="106" type="stmt" count="10"/>
        <line num="110" type="method" name="resizeImage" visibility="protected" complexity="2" crap="2" count="7"/>
        <line num="113" type="stmt" count="7"/>
        <line num="114" type="stmt" count="7"/>
        <line num="115" type="stmt" count="7"/>
        <line num="116" type="stmt" count="7"/>
        <line num="117" type="stmt" count="2"/>
        <line num="118" type="stmt" count="2"/>
        <line num="121" type="stmt" count="5"/>
        <line num="124" type="method" name="handleImage" visibility="protected" complexity="2" crap="2" count="5"/>
        <line num="126" type="stmt" count="5"/>
        <line num="127" type="stmt" count="5"/>
        <line num="128" type="stmt" count="2"/>
        <line num="130" type="stmt" count="3"/>
        <line num="132" type="stmt" count="3"/>
        <metrics loc="135" ncloc="128" classes="1" methods="10" coveredmethods="8" conditionals="0" coveredconditionals="0" statements="46" coveredstatements="44" elements="56" coveredelements="52"/>
      </file>
      <file name="/home/aa/work/itstime/personaldrive/personaldrivefirst/app/Services/TwoFactorService.php">
        <class name="App\Services\TwoFactorService" namespace="App\Services">
          <metrics complexity="10" methods="9" coveredmethods="9" conditionals="0" coveredconditionals="0" statements="16" coveredstatements="16" elements="25" coveredelements="25"/>
        </class>
        <line num="20" type="method" name="__construct" visibility="public" complexity="1" crap="1" count="89"/>
        <line num="24" type="stmt" count="89"/>
        <line num="25" type="stmt" count="89"/>
        <line num="27" type="method" name="twoFactorCodeCheck" visibility="public" complexity="2" crap="2" count="3"/>
        <line num="30" type="stmt" count="3"/>
        <line num="31" type="stmt" count="1"/>
        <line num="32" type="stmt" count="1"/>
        <line num="35" type="method" name="generateTwoFactorSecret" visibility="public" complexity="1" crap="1" count="2"/>
        <line num="37" type="stmt" count="2"/>
        <line num="39" type="method" name="generateQr" visibility="public" complexity="1" crap="1" count="2"/>
        <line num="41" type="stmt" count="2"/>
        <line num="42" type="stmt" count="2"/>
        <line num="43" type="stmt" count="2"/>
        <line num="44" type="stmt" count="2"/>
        <line num="45" type="stmt" count="2"/>
        <line num="48" type="method" name="isTwoFactorEnabled" visibility="public" complexity="1" crap="1" count="2"/>
        <line num="50" type="stmt" count="2"/>
        <line num="53" type="method" name="setStatus" visibility="public" complexity="1" crap="1" count="1"/>
        <line num="55" type="stmt" count="1"/>
        <line num="57" type="method" name="getStatus" visibility="public" complexity="1" crap="1" count="84"/>
        <line num="59" type="stmt" count="84"/>
        <line num="61" type="method" name="getSecret" visibility="public" complexity="1" crap="1" count="2"/>
        <line num="63" type="stmt" count="2"/>
        <line num="66" type="method" name="setSecret" visibility="public" complexity="1" crap="1" count="2"/>
        <line num="68" type="stmt" count="2"/>
        <metrics loc="71" ncloc="71" classes="1" methods="9" coveredmethods="9" conditionals="0" coveredconditionals="0" statements="16" coveredstatements="16" elements="25" coveredelements="25"/>
      </file>
      <file name="/home/aa/work/itstime/personaldrive/personaldrivefirst/app/Services/UploadService.php">
        <class name="App\Services\UploadService" namespace="App\Services">
          <metrics complexity="26" methods="10" coveredmethods="8" conditionals="0" coveredconditionals="0" statements="54" coveredstatements="52" elements="64" coveredelements="60"/>
        </class>
        <line num="22" type="method" name="__construct" visibility="public" complexity="1" crap="1" count="72"/>
        <line num="28" type="stmt" count="72"/>
        <line num="29" type="stmt" count="72"/>
        <line num="30" type="stmt" count="72"/>
        <line num="31" type="stmt" count="72"/>
        <line num="34" type="method" name="setTempStorageDirAbs" visibility="public" complexity="1" crap="1" count="63"/>
        <line num="36" type="stmt" count="63"/>
        <line num="37" type="stmt" count="63"/>
        <line num="38" type="stmt" count="63"/>
        <line num="40" type="stmt" count="63"/>
        <line num="43" type="method" name="getTempStorageDirAbs" visibility="public" complexity="2" crap="2" count="70"/>
        <line num="45" type="stmt" count="70"/>
        <line num="47" type="stmt" count="70"/>
        <line num="48" type="stmt" count="70"/>
        <line num="49" type="stmt" count="69"/>
        <line num="51" type="stmt" count="63"/>
        <line num="54" type="method" name="getTempStorageDir" visibility="public" complexity="2" crap="2" count="70"/>
        <line num="56" type="stmt" count="70"/>
        <line num="57" type="stmt" count="70"/>
        <line num="58" type="stmt" count="69"/>
        <line num="61" type="stmt" count="63"/>
        <line num="64" type="method" name="syncTempToStorage" visibility="public" complexity="4" crap="4.05" count="2"/>
        <line num="66" type="stmt" count="2"/>
        <line num="67" type="stmt" count="2"/>
        <line num="69" type="stmt" count="2"/>
        <line num="70" type="stmt" count="0"/>
        <line num="73" type="stmt" count="2"/>
        <line num="74" type="stmt" count="2"/>
        <line num="77" type="stmt" count="2"/>
        <line num="80" type="method" name="isValidDirectory" visibility="private" complexity="3" crap="3" count="2"/>
        <line num="82" type="stmt" count="2"/>
        <line num="83" type="stmt" count="2"/>
        <line num="84" type="stmt" count="2"/>
        <line num="87" type="method" name="syncFileToStorage" visibility="public" complexity="4" crap="4.01" count="2"/>
        <line num="89" type="stmt" count="2"/>
        <line num="91" type="stmt" count="2"/>
        <line num="92" type="stmt" count="2"/>
        <line num="94" type="stmt" count="0"/>
        <line num="97" type="stmt" count="2"/>
        <line num="98" type="stmt" count="2"/>
        <line num="100" type="stmt" count="2"/>
        <line num="101" type="stmt" count="2"/>
        <line num="103" type="stmt" count="2"/>
        <line num="104" type="stmt" count="1"/>
        <line num="105" type="stmt" count="1"/>
        <line num="107" type="stmt" count="1"/>
        <line num="110" type="stmt" count="2"/>
        <line num="113" type="method" name="isFileFolderMisMatch" visibility="public" complexity="4" crap="4" count="3"/>
        <line num="115" type="stmt" count="3"/>
        <line num="116" type="stmt" count="3"/>
        <line num="117" type="stmt" count="3"/>
        <line num="118" type="stmt" count="3"/>
        <line num="122" type="method" name="updateOrCreateLocalFile" visibility="public" complexity="1" crap="1" count="1"/>
        <line num="124" type="stmt" count="1"/>
        <line num="127" type="method" name="cleanOldTempFiles" visibility="public" complexity="4" crap="4" count="69"/>
        <line num="129" type="stmt" count="69"/>
        <line num="130" type="stmt" count="69"/>
        <line num="131" type="stmt" count="69"/>
        <line num="133" type="stmt" count="9"/>
        <line num="134" type="stmt" count="9"/>
        <line num="136" type="stmt" count="1"/>
        <line num="137" type="stmt" count="1"/>
        <line num="138" type="stmt" count="1"/>
        <line num="140" type="stmt" count="9"/>
        <metrics loc="143" ncloc="143" classes="1" methods="10" coveredmethods="8" conditionals="0" coveredconditionals="0" statements="54" coveredstatements="52" elements="64" coveredelements="60"/>
      </file>
    </package>
    <package name="App\Traits">
      <file name="/home/aa/work/itstime/personaldrive/personaldrivefirst/app/Traits/FlashMessages.php">
        <class name="App\Traits\FlashMessages" namespace="App\Traits">
          <metrics complexity="3" methods="2" coveredmethods="2" conditionals="0" coveredconditionals="0" statements="8" coveredstatements="8" elements="10" coveredelements="10"/>
        </class>
        <line num="9" type="method" name="success" visibility="public" complexity="2" crap="2" count="65"/>
        <line num="11" type="stmt" count="65"/>
        <line num="12" type="stmt" count="65"/>
        <line num="13" type="stmt" count="65"/>
        <line num="14" type="stmt" count="2"/>
        <line num="17" type="stmt" count="65"/>
        <line num="21" type="method" name="error" visibility="public" complexity="1" crap="1" count="12"/>
        <line num="23" type="stmt" count="12"/>
        <line num="24" type="stmt" count="12"/>
        <line num="26" type="stmt" count="12"/>
        <metrics loc="29" ncloc="29" classes="1" methods="2" coveredmethods="2" conditionals="0" coveredconditionals="0" statements="8" coveredstatements="8" elements="10" coveredelements="10"/>
      </file>
      <file name="/home/aa/work/itstime/personaldrive/personaldrivefirst/app/Traits/GuestResourceAuthorize.php">
        <class name="App\Traits\GuestResourceAuthorize" namespace="App\Traits">
          <metrics complexity="3" methods="1" coveredmethods="1" conditionals="0" coveredconditionals="0" statements="6" coveredstatements="6" elements="7" coveredelements="7"/>
        </class>
        <line num="10" type="method" name="guestVerified" visibility="protected" complexity="3" crap="3" count="13"/>
        <line num="12" type="stmt" count="13"/>
        <line num="13" type="stmt" count="13"/>
        <line num="14" type="stmt" count="1"/>
        <line num="17" type="stmt" count="12"/>
        <line num="18" type="stmt" count="4"/>
        <line num="20" type="stmt" count="8"/>
        <metrics loc="23" ncloc="23" classes="1" methods="1" coveredmethods="1" conditionals="0" coveredconditionals="0" statements="6" coveredstatements="6" elements="7" coveredelements="7"/>
      </file>
    </package>
    <metrics files="84" loc="3953" ncloc="3855" classes="82" methods="257" coveredmethods="226" conditionals="0" coveredconditionals="0" statements="1242" coveredstatements="1178" elements="1499" coveredelements="1404"/>
  </project>
</coverage>
